0 info it worked if it ends with ok
1 verbose cli [ '/usr/local/bin/node',
1 verbose cli   '/usr/local/bin/npm',
1 verbose cli   'run',
1 verbose cli   'devserver' ]
2 info using npm@4.1.2
3 info using node@v7.6.0
4 verbose run-script [ 'predevserver', 'devserver', 'postdevserver' ]
5 info lifecycle React_TS_Webpack@1.0.0~predevserver: React_TS_Webpack@1.0.0
6 silly lifecycle React_TS_Webpack@1.0.0~predevserver: no script for predevserver, continuing
7 info lifecycle React_TS_Webpack@1.0.0~devserver: React_TS_Webpack@1.0.0
8 verbose lifecycle React_TS_Webpack@1.0.0~devserver: unsafe-perm in lifecycle true
9 verbose lifecycle React_TS_Webpack@1.0.0~devserver: PATH: /usr/local/lib/node_modules/npm/bin/node-gyp-bin:/WebStorm Workspace/HR-React-Starter/node_modules/.bin:/usr/local/bin:/usr/bin:/bin:/usr/sbin:/sbin:/usr/local/go/bin:/sdk/android-sdk-macosx/platform-tools:/sdk/android-sdk-macosx/tools
10 verbose lifecycle React_TS_Webpack@1.0.0~devserver: CWD: /WebStorm Workspace/HR-React-Starter
11 silly lifecycle React_TS_Webpack@1.0.0~devserver: Args: [ '-c', 'better-npm-run devserver' ]
12 silly lifecycle React_TS_Webpack@1.0.0~devserver: Returned: code: 1  signal: null
13 info lifecycle React_TS_Webpack@1.0.0~devserver: Failed to exec devserver script
14 verbose stack Error: React_TS_Webpack@1.0.0 devserver: `better-npm-run devserver`
14 verbose stack Exit status 1
14 verbose stack     at EventEmitter.<anonymous> (/usr/local/lib/node_modules/npm/lib/utils/lifecycle.js:279:16)
14 verbose stack     at emitTwo (events.js:106:13)
14 verbose stack     at EventEmitter.emit (events.js:192:7)
14 verbose stack     at ChildProcess.<anonymous> (/usr/local/lib/node_modules/npm/lib/utils/spawn.js:40:14)
14 verbose stack     at emitTwo (events.js:106:13)
14 verbose stack     at ChildProcess.emit (events.js:192:7)
14 verbose stack     at maybeClose (internal/child_process.js:890:16)
14 verbose stack     at Process.ChildProcess._handle.onexit (internal/child_process.js:226:5)
15 verbose pkgid React_TS_Webpack@1.0.0
16 verbose cwd /WebStorm Workspace/HR-React-Starter
17 error Darwin 16.1.0
18 error argv "/usr/local/bin/node" "/usr/local/bin/npm" "run" "devserver"
19 error node v7.6.0
20 error npm  v4.1.2
21 error code ELIFECYCLE
22 error React_TS_Webpack@1.0.0 devserver: `better-npm-run devserver`
22 error Exit status 1
23 error Failed at the React_TS_Webpack@1.0.0 devserver script 'better-npm-run devserver'.
23 error Make sure you have the latest version of node.js and npm installed.
23 error If you do, this is most likely a problem with the React_TS_Webpack package,
23 error not with npm itself.
23 error Tell the author that this fails on your system:
23 error     better-npm-run devserver
23 error You can get information on how to open an issue for this project with:
23 error     npm bugs React_TS_Webpack
23 error Or if that isn't available, you can get their info via:
23 error     npm owner ls React_TS_Webpack
23 error There is likely additional logging output above.
24 verbose exit [ 1, true ]
